<?xml version="1.0" encoding="utf-8"?><testsuites><testsuite name="pytest" errors="0" failures="0" skipped="0" tests="9" time="0.178" timestamp="2024-05-17T00:52:04.249223" hostname="meld"><testcase classname="reqs.tests.test_cli.TestCLI" name="test_compile" time="0.004" /><testcase classname="reqs.tests.test_cli.TestCLI" name="test_compile_force" time="0.002" /><testcase classname="reqs.tests.test_cli.TestCLI" name="test_path_calc_from_pkg_directory" time="0.002" /><testcase classname="reqs.tests.test_cli.TestCLI" name="test_sync" time="0.004" /><testcase classname="reqs.tests.test_cli.TestCLI" name="test_sync_no_venv_no_compile_with_pipx" time="0.004" /><testcase classname="reqs.tests.test_config.TestConfig" name="test_depends_default" time="0.001" /><testcase classname="reqs.tests.test_config.TestConfig" name="test_depends_explicit" time="0.001" /><testcase classname="reqs.tests.test_config.TestConfig" name="test_base_only" time="0.000" /><testcase classname="reqs.tests.test_config.TestConfig" name="test_warning" time="0.001" /></testsuite></testsuites>